This file contains any messages produced by compilers while
running configure, to aid debugging if configure makes a mistake.

It was created by NDSLcommon configure 1.0, which was
generated by GNU Autoconf 2.63.  Invocation command line was

  $ ../configure --enable-debug --no-create --no-recursion

## --------- ##
## Platform. ##
## --------- ##

hostname = oracle
uname -m = x86_64
uname -r = 2.6.32-358.el6.x86_64
uname -s = Linux
uname -v = #1 SMP Fri Feb 22 00:31:26 UTC 2013

/usr/bin/uname -p = unknown
/bin/uname -X     = unknown

/bin/arch              = x86_64
/usr/bin/arch -k       = unknown
/usr/convex/getsysinfo = unknown
/usr/bin/hostinfo      = unknown
/bin/machine           = unknown
/usr/bin/oslevel       = unknown
/bin/universe          = unknown

PATH: /usr/lib64/qt-3.3/bin
PATH: /usr/local/sbin
PATH: /usr/local/bin
PATH: /sbin
PATH: /bin
PATH: /usr/sbin
PATH: /usr/bin
PATH: /root/bin
PATH: /home/oracle/bin
PATH: /opt/oracle/11g/bin
PATH: /home/oracle/bin


## ----------- ##
## Core tests. ##
## ----------- ##

configure:1960: checking for a BSD-compatible install
configure:2028: result: /usr/bin/install -c
configure:2039: checking whether build environment is sane
configure:2099: result: yes
configure:2240: checking for a thread-safe mkdir -p
configure:2279: result: /bin/mkdir -p
configure:2292: checking for gawk
configure:2308: found /bin/gawk
configure:2319: result: gawk
configure:2330: checking whether make sets $(MAKE)
configure:2352: result: yes
configure:2470: checking build system type
configure:2488: result: x86_64-unknown-linux-gnu
configure:2510: checking host system type
configure:2525: result: x86_64-unknown-linux-gnu
configure:2568: checking how to print strings
configure:2595: result: printf
configure:2628: checking for style of include used by make
configure:2656: result: GNU
configure:2726: checking for gcc
configure:2742: found /usr/bin/gcc
configure:2753: result: gcc
configure:2985: checking for C compiler version
configure:2993: gcc --version >&5
gcc (GCC) 4.4.7 20120313 (Red Hat 4.4.7-11)
Copyright (C) 2010 Free Software Foundation, Inc.
This is free software; see the source for copying conditions.  There is NO
warranty; not even for MERCHANTABILITY or FITNESS FOR A PARTICULAR PURPOSE.

configure:2997: $? = 0
configure:3004: gcc -v >&5
Using built-in specs.
Target: x86_64-redhat-linux
Configured with: ../configure --prefix=/usr --mandir=/usr/share/man --infodir=/usr/share/info --with-bugurl=http://bugzilla.redhat.com/bugzilla --enable-bootstrap --enable-shared --enable-threads=posix --enable-checking=release --with-system-zlib --enable-__cxa_atexit --disable-libunwind-exceptions --enable-gnu-unique-object --enable-languages=c,c++,objc,obj-c++,java,fortran,ada --enable-java-awt=gtk --disable-dssi --with-java-home=/usr/lib/jvm/java-1.5.0-gcj-1.5.0.0/jre --enable-libgcj-multifile --enable-java-maintainer-mode --with-ecj-jar=/usr/share/java/eclipse-ecj.jar --disable-libjava-multilib --with-ppl --with-cloog --with-tune=generic --with-arch_32=i686 --build=x86_64-redhat-linux
Thread model: posix
gcc version 4.4.7 20120313 (Red Hat 4.4.7-11) (GCC) 
configure:3008: $? = 0
configure:3015: gcc -V >&5
gcc: '-V' option must have argument
configure:3019: $? = 1
configure:3042: checking for C compiler default output file name
configure:3064: gcc    conftest.c  >&5
configure:3068: $? = 0
configure:3106: result: a.out
configure:3125: checking whether the C compiler works
configure:3135: ./a.out
configure:3139: $? = 0
configure:3158: result: yes
configure:3165: checking whether we are cross compiling
configure:3167: result: no
configure:3170: checking for suffix of executables
configure:3177: gcc -o conftest    conftest.c  >&5
configure:3181: $? = 0
configure:3207: result: 
configure:3213: checking for suffix of object files
configure:3239: gcc -c   conftest.c >&5
configure:3243: $? = 0
configure:3268: result: o
configure:3272: checking whether we are using the GNU C compiler
configure:3301: gcc -c   conftest.c >&5
configure:3308: $? = 0
configure:3325: result: yes
configure:3334: checking whether gcc accepts -g
configure:3364: gcc -c -g  conftest.c >&5
configure:3371: $? = 0
configure:3472: result: yes
configure:3489: checking for gcc option to accept ISO C89
configure:3563: gcc  -c -g -O2  conftest.c >&5
configure:3570: $? = 0
configure:3593: result: none needed
configure:3613: checking dependency style of gcc
configure:3723: result: gcc3
configure:3738: checking for a sed that does not truncate output
configure:3804: result: /bin/sed
configure:3822: checking for grep that handles long lines and -e
configure:3882: result: /bin/grep
configure:3887: checking for egrep
configure:3951: result: /bin/grep -E
configure:3956: checking for fgrep
configure:4020: result: /bin/grep -F
configure:4055: checking for ld used by gcc
configure:4122: result: /usr/bin/ld
configure:4131: checking if the linker (/usr/bin/ld) is GNU ld
configure:4146: result: yes
configure:4158: checking for BSD- or MS-compatible name lister (nm)
configure:4212: result: /usr/bin/nm -B
configure:4342: checking the name lister (/usr/bin/nm -B) interface
configure:4349: gcc -c -g -O2  conftest.c >&5
configure:4352: /usr/bin/nm -B "conftest.o"
configure:4355: output
0000000000000000 B some_variable
configure:4362: result: BSD nm
configure:4365: checking whether ln -s works
configure:4369: result: yes
configure:4377: checking the maximum length of command line arguments
configure:4508: result: 1966080
configure:4556: checking how to convert x86_64-unknown-linux-gnu file names to x86_64-unknown-linux-gnu format
configure:4596: result: func_convert_file_noop
configure:4603: checking how to convert x86_64-unknown-linux-gnu file names to toolchain format
configure:4623: result: func_convert_file_noop
configure:4630: checking for /usr/bin/ld option to reload object files
configure:4637: result: -r
configure:4711: checking for objdump
configure:4727: found /usr/bin/objdump
configure:4738: result: objdump
configure:4770: checking how to recognize dependent libraries
configure:4967: result: pass_all
configure:5052: checking for dlltool
configure:5082: result: no
configure:5112: checking how to associate runtime and link libraries
configure:5139: result: printf %s\n
configure:5200: checking for ar
configure:5216: found /usr/bin/ar
configure:5227: result: ar
configure:5264: checking for archiver @FILE support
configure:5291: gcc -c -g -O2  conftest.c >&5
configure:5298: $? = 0
configure:5305: ar cru libconftest.a @conftest.lst >&5
configure:5308: $? = 0
configure:5313: ar cru libconftest.a @conftest.lst >&5
ar: conftest.o: No such file or directory
configure:5316: $? = 1
configure:5334: result: @
configure:5392: checking for strip
configure:5408: found /usr/bin/strip
configure:5419: result: strip
configure:5491: checking for ranlib
configure:5507: found /usr/bin/ranlib
configure:5518: result: ranlib
configure:5620: checking command to parse /usr/bin/nm -B output from gcc object
configure:5773: gcc -c -g -O2  conftest.c >&5
configure:5776: $? = 0
configure:5780: /usr/bin/nm -B conftest.o \| sed -n -e 's/^.*[ ]\([ABCDGIRSTW][ABCDGIRSTW]*\)[ ][ ]*\([_A-Za-z][_A-Za-z0-9]*\)$/\1 \2 \2/p' | sed '/ __gnu_lto/d' \> conftest.nm
configure:5783: $? = 0
configure:5849: gcc -o conftest -g -O2   conftest.c conftstm.o >&5
configure:5852: $? = 0
configure:5890: result: ok
configure:5937: checking for sysroot
configure:5969: result: no
configure:5976: checking for a working dd
configure:6014: result: /bin/dd
configure:6018: checking how to truncate binary pipes
configure:6033: result: /bin/dd bs=4096 count=1
configure:6154: gcc -c -g -O2  conftest.c >&5
configure:6157: $? = 0
configure:6376: checking for mt
configure:6406: result: no
configure:6426: checking if : is a manifest tool
configure:6432: : '-?'
configure:6440: result: no
configure:7111: checking how to run the C preprocessor
configure:7151: gcc -E  conftest.c
configure:7158: $? = 0
configure:7189: gcc -E  conftest.c
conftest.c:10:28: error: ac_nonexistent.h: No such file or directory
configure:7196: $? = 1
configure: failed program was:
| /* confdefs.h.  */
| #define PACKAGE_NAME "NDSLcommon"
| #define PACKAGE_TARNAME "ndslcommon"
| #define PACKAGE_VERSION "1.0"
| #define PACKAGE_STRING "NDSLcommon 1.0"
| #define PACKAGE_BUGREPORT "wangjin@163.com"
| #define PACKAGE "IPPC"
| #define VERSION "1.0"
| /* end confdefs.h.  */
| #include <ac_nonexistent.h>
configure:7229: result: gcc -E
configure:7258: gcc -E  conftest.c
configure:7265: $? = 0
configure:7296: gcc -E  conftest.c
conftest.c:10:28: error: ac_nonexistent.h: No such file or directory
configure:7303: $? = 1
configure: failed program was:
| /* confdefs.h.  */
| #define PACKAGE_NAME "NDSLcommon"
| #define PACKAGE_TARNAME "ndslcommon"
| #define PACKAGE_VERSION "1.0"
| #define PACKAGE_STRING "NDSLcommon 1.0"
| #define PACKAGE_BUGREPORT "wangjin@163.com"
| #define PACKAGE "IPPC"
| #define VERSION "1.0"
| /* end confdefs.h.  */
| #include <ac_nonexistent.h>
configure:7343: checking for ANSI C header files
configure:7373: gcc -c -g -O2  conftest.c >&5
configure:7380: $? = 0
configure:7479: gcc -o conftest -g -O2   conftest.c  >&5
configure:7483: $? = 0
configure:7489: ./conftest
configure:7493: $? = 0
configure:7511: result: yes
configure:7535: checking for sys/types.h
configure:7556: gcc -c -g -O2  conftest.c >&5
configure:7563: $? = 0
configure:7580: result: yes
configure:7535: checking for sys/stat.h
configure:7556: gcc -c -g -O2  conftest.c >&5
configure:7563: $? = 0
configure:7580: result: yes
configure:7535: checking for stdlib.h
configure:7556: gcc -c -g -O2  conftest.c >&5
configure:7563: $? = 0
configure:7580: result: yes
configure:7535: checking for string.h
configure:7556: gcc -c -g -O2  conftest.c >&5
configure:7563: $? = 0
configure:7580: result: yes
configure:7535: checking for memory.h
configure:7556: gcc -c -g -O2  conftest.c >&5
configure:7563: $? = 0
configure:7580: result: yes
configure:7535: checking for strings.h
configure:7556: gcc -c -g -O2  conftest.c >&5
configure:7563: $? = 0
configure:7580: result: yes
configure:7535: checking for inttypes.h
configure:7556: gcc -c -g -O2  conftest.c >&5
configure:7563: $? = 0
configure:7580: result: yes
configure:7535: checking for stdint.h
configure:7556: gcc -c -g -O2  conftest.c >&5
configure:7563: $? = 0
configure:7580: result: yes
configure:7535: checking for unistd.h
configure:7556: gcc -c -g -O2  conftest.c >&5
configure:7563: $? = 0
configure:7580: result: yes
configure:7598: checking for dlfcn.h
configure:7619: gcc -c -g -O2  conftest.c >&5
configure:7626: $? = 0
configure:7643: result: yes
configure:7849: checking for objdir
configure:7864: result: .libs
configure:8131: checking if gcc supports -fno-rtti -fno-exceptions
configure:8149: gcc -c -g -O2  -fno-rtti -fno-exceptions conftest.c >&5
cc1: warning: command line option "-fno-rtti" is valid for C++/ObjC++ but not for C
configure:8153: $? = 0
configure:8166: result: no
configure:8514: checking for gcc option to produce PIC
configure:8521: result: -fPIC -DPIC
configure:8529: checking if gcc PIC flag -fPIC -DPIC works
configure:8547: gcc -c -g -O2  -fPIC -DPIC -DPIC conftest.c >&5
configure:8551: $? = 0
configure:8564: result: yes
configure:8593: checking if gcc static flag -static works
configure:8621: result: no
configure:8636: checking if gcc supports -c -o file.o
configure:8657: gcc -c -g -O2  -o out/conftest2.o conftest.c >&5
configure:8661: $? = 0
configure:8683: result: yes
configure:8691: checking if gcc supports -c -o file.o
configure:8738: result: yes
configure:8771: checking whether the gcc linker (/usr/bin/ld -m elf_x86_64) supports shared libraries
configure:10010: result: yes
configure:10047: checking whether -lc should be explicitly linked in
configure:10055: gcc -c -g -O2  conftest.c >&5
configure:10058: $? = 0
configure:10073: gcc -shared  -fPIC -DPIC conftest.o  -v -Wl,-soname -Wl,conftest -o conftest 2\>\&1 \| /bin/grep  -lc  \>/dev/null 2\>\&1
configure:10076: $? = 0
configure:10090: result: no
configure:10250: checking dynamic linker characteristics
configure:10787: gcc -o conftest -g -O2   -Wl,-rpath -Wl,/foo conftest.c  >&5
configure:10794: $? = 0
configure:11020: result: GNU/Linux ld.so
configure:11127: checking how to hardcode library paths into programs
configure:11152: result: immediate
configure:12013: checking whether stripping libraries is possible
configure:12018: result: yes
configure:12053: checking if libtool supports shared libraries
configure:12055: result: yes
configure:12058: checking whether to build shared libraries
configure:12079: result: yes
configure:12082: checking whether to build static libraries
configure:12086: result: yes
configure:12171: checking for gcc
configure:12198: result: gcc
configure:12430: checking for C compiler version
configure:12438: gcc --version >&5
gcc (GCC) 4.4.7 20120313 (Red Hat 4.4.7-11)
Copyright (C) 2010 Free Software Foundation, Inc.
This is free software; see the source for copying conditions.  There is NO
warranty; not even for MERCHANTABILITY or FITNESS FOR A PARTICULAR PURPOSE.

configure:12442: $? = 0
configure:12449: gcc -v >&5
Using built-in specs.
Target: x86_64-redhat-linux
Configured with: ../configure --prefix=/usr --mandir=/usr/share/man --infodir=/usr/share/info --with-bugurl=http://bugzilla.redhat.com/bugzilla --enable-bootstrap --enable-shared --enable-threads=posix --enable-checking=release --with-system-zlib --enable-__cxa_atexit --disable-libunwind-exceptions --enable-gnu-unique-object --enable-languages=c,c++,objc,obj-c++,java,fortran,ada --enable-java-awt=gtk --disable-dssi --with-java-home=/usr/lib/jvm/java-1.5.0-gcj-1.5.0.0/jre --enable-libgcj-multifile --enable-java-maintainer-mode --with-ecj-jar=/usr/share/java/eclipse-ecj.jar --disable-libjava-multilib --with-ppl --with-cloog --with-tune=generic --with-arch_32=i686 --build=x86_64-redhat-linux
Thread model: posix
gcc version 4.4.7 20120313 (Red Hat 4.4.7-11) (GCC) 
configure:12453: $? = 0
configure:12460: gcc -V >&5
gcc: '-V' option must have argument
configure:12464: $? = 1
configure:12467: checking whether we are using the GNU C compiler
configure:12520: result: yes
configure:12529: checking whether gcc accepts -g
configure:12667: result: yes
configure:12684: checking for gcc option to accept ISO C89
configure:12788: result: none needed
configure:12808: checking dependency style of gcc
configure:12918: result: gcc3
configure:12991: checking for g++
configure:13007: found /usr/bin/g++
configure:13018: result: g++
configure:13045: checking for C++ compiler version
configure:13053: g++ --version >&5
g++ (GCC) 4.4.7 20120313 (Red Hat 4.4.7-11)
Copyright (C) 2010 Free Software Foundation, Inc.
This is free software; see the source for copying conditions.  There is NO
warranty; not even for MERCHANTABILITY or FITNESS FOR A PARTICULAR PURPOSE.

configure:13057: $? = 0
configure:13064: g++ -v >&5
Using built-in specs.
Target: x86_64-redhat-linux
Configured with: ../configure --prefix=/usr --mandir=/usr/share/man --infodir=/usr/share/info --with-bugurl=http://bugzilla.redhat.com/bugzilla --enable-bootstrap --enable-shared --enable-threads=posix --enable-checking=release --with-system-zlib --enable-__cxa_atexit --disable-libunwind-exceptions --enable-gnu-unique-object --enable-languages=c,c++,objc,obj-c++,java,fortran,ada --enable-java-awt=gtk --disable-dssi --with-java-home=/usr/lib/jvm/java-1.5.0-gcj-1.5.0.0/jre --enable-libgcj-multifile --enable-java-maintainer-mode --with-ecj-jar=/usr/share/java/eclipse-ecj.jar --disable-libjava-multilib --with-ppl --with-cloog --with-tune=generic --with-arch_32=i686 --build=x86_64-redhat-linux
Thread model: posix
gcc version 4.4.7 20120313 (Red Hat 4.4.7-11) (GCC) 
configure:13068: $? = 0
configure:13075: g++ -V >&5
g++: '-V' option must have argument
configure:13079: $? = 1
configure:13082: checking whether we are using the GNU C++ compiler
configure:13111: g++ -c   conftest.cpp >&5
configure:13118: $? = 0
configure:13135: result: yes
configure:13144: checking whether g++ accepts -g
configure:13174: g++ -c -g  conftest.cpp >&5
configure:13181: $? = 0
configure:13282: result: yes
configure:13307: checking dependency style of g++
configure:13417: result: gcc3
configure:13450: checking how to run the C++ preprocessor
configure:13486: g++ -E  conftest.cpp
configure:13493: $? = 0
configure:13524: g++ -E  conftest.cpp
conftest.cpp:22:28: error: ac_nonexistent.h: No such file or directory
configure:13531: $? = 1
configure: failed program was:
| /* confdefs.h.  */
| #define PACKAGE_NAME "NDSLcommon"
| #define PACKAGE_TARNAME "ndslcommon"
| #define PACKAGE_VERSION "1.0"
| #define PACKAGE_STRING "NDSLcommon 1.0"
| #define PACKAGE_BUGREPORT "wangjin@163.com"
| #define PACKAGE "IPPC"
| #define VERSION "1.0"
| #define STDC_HEADERS 1
| #define HAVE_SYS_TYPES_H 1
| #define HAVE_SYS_STAT_H 1
| #define HAVE_STDLIB_H 1
| #define HAVE_STRING_H 1
| #define HAVE_MEMORY_H 1
| #define HAVE_STRINGS_H 1
| #define HAVE_INTTYPES_H 1
| #define HAVE_STDINT_H 1
| #define HAVE_UNISTD_H 1
| #define HAVE_DLFCN_H 1
| #define LT_OBJDIR ".libs/"
| /* end confdefs.h.  */
| #include <ac_nonexistent.h>
configure:13564: result: g++ -E
configure:13593: g++ -E  conftest.cpp
configure:13600: $? = 0
configure:13631: g++ -E  conftest.cpp
conftest.cpp:22:28: error: ac_nonexistent.h: No such file or directory
configure:13638: $? = 1
configure: failed program was:
| /* confdefs.h.  */
| #define PACKAGE_NAME "NDSLcommon"
| #define PACKAGE_TARNAME "ndslcommon"
| #define PACKAGE_VERSION "1.0"
| #define PACKAGE_STRING "NDSLcommon 1.0"
| #define PACKAGE_BUGREPORT "wangjin@163.com"
| #define PACKAGE "IPPC"
| #define VERSION "1.0"
| #define STDC_HEADERS 1
| #define HAVE_SYS_TYPES_H 1
| #define HAVE_SYS_STAT_H 1
| #define HAVE_STDLIB_H 1
| #define HAVE_STRING_H 1
| #define HAVE_MEMORY_H 1
| #define HAVE_STRINGS_H 1
| #define HAVE_INTTYPES_H 1
| #define HAVE_STDINT_H 1
| #define HAVE_UNISTD_H 1
| #define HAVE_DLFCN_H 1
| #define LT_OBJDIR ".libs/"
| /* end confdefs.h.  */
| #include <ac_nonexistent.h>
configure:13818: checking for ld used by g++
configure:13885: result: /usr/bin/ld -m elf_x86_64
configure:13894: checking if the linker (/usr/bin/ld -m elf_x86_64) is GNU ld
configure:13909: result: yes
configure:13964: checking whether the g++ linker (/usr/bin/ld -m elf_x86_64) supports shared libraries
configure:15024: result: yes
configure:15060: g++ -c -g -O2  conftest.cpp >&5
configure:15063: $? = 0
configure:15584: checking for g++ option to produce PIC
configure:15591: result: -fPIC -DPIC
configure:15599: checking if g++ PIC flag -fPIC -DPIC works
configure:15617: g++ -c -g -O2  -fPIC -DPIC -DPIC conftest.cpp >&5
configure:15621: $? = 0
configure:15634: result: yes
configure:15657: checking if g++ static flag -static works
configure:15685: result: no
configure:15697: checking if g++ supports -c -o file.o
configure:15718: g++ -c -g -O2  -o out/conftest2.o conftest.cpp >&5
configure:15722: $? = 0
configure:15744: result: yes
configure:15749: checking if g++ supports -c -o file.o
configure:15796: result: yes
configure:15826: checking whether the g++ linker (/usr/bin/ld -m elf_x86_64) supports shared libraries
configure:15862: result: yes
configure:16003: checking dynamic linker characteristics
configure:16700: result: GNU/Linux ld.so
configure:16753: checking how to hardcode library paths into programs
configure:16778: result: immediate
configure:16862: checking for ranlib
configure:16889: result: ranlib
configure:16921: checking for main in -lpthread
configure:16950: gcc -o conftest -g -O2   conftest.c -lpthread   >&5
configure:16957: $? = 0
configure:16978: result: yes
configure:16990: checking for main in -lrt
configure:17019: gcc -o conftest -g -O2   conftest.c -lrt  -lpthread  >&5
configure:17026: $? = 0
configure:17047: result: yes
configure:17059: checking for main in -lxml2
configure:17088: gcc -o conftest -g -O2   conftest.c -lxml2  -lrt -lpthread  >&5
configure:17095: $? = 0
configure:17116: result: yes
configure:17129: checking for main in -locci
configure:17158: gcc -o conftest -g -O2   conftest.c -locci  -lxml2 -lrt -lpthread  >&5
/usr/bin/ld: cannot find -locci
collect2: ld returned 1 exit status
configure:17165: $? = 1
configure: failed program was:
| /* confdefs.h.  */
| #define PACKAGE_NAME "NDSLcommon"
| #define PACKAGE_TARNAME "ndslcommon"
| #define PACKAGE_VERSION "1.0"
| #define PACKAGE_STRING "NDSLcommon 1.0"
| #define PACKAGE_BUGREPORT "wangjin@163.com"
| #define PACKAGE "IPPC"
| #define VERSION "1.0"
| #define STDC_HEADERS 1
| #define HAVE_SYS_TYPES_H 1
| #define HAVE_SYS_STAT_H 1
| #define HAVE_STDLIB_H 1
| #define HAVE_STRING_H 1
| #define HAVE_MEMORY_H 1
| #define HAVE_STRINGS_H 1
| #define HAVE_INTTYPES_H 1
| #define HAVE_STDINT_H 1
| #define HAVE_UNISTD_H 1
| #define HAVE_DLFCN_H 1
| #define LT_OBJDIR ".libs/"
| #define HAVE_LIBPTHREAD 1
| #define HAVE_LIBRT 1
| #define HAVE_LIBXML2 1
| /* end confdefs.h.  */
| 
| 
| int
| main ()
| {
| return main ();
|   ;
|   return 0;
| }
configure:17186: result: no
configure:17198: checking for main in -lclntsh
configure:17227: gcc -o conftest -g -O2   conftest.c -lclntsh  -lxml2 -lrt -lpthread  >&5
/usr/bin/ld: cannot find -lclntsh
collect2: ld returned 1 exit status
configure:17234: $? = 1
configure: failed program was:
| /* confdefs.h.  */
| #define PACKAGE_NAME "NDSLcommon"
| #define PACKAGE_TARNAME "ndslcommon"
| #define PACKAGE_VERSION "1.0"
| #define PACKAGE_STRING "NDSLcommon 1.0"
| #define PACKAGE_BUGREPORT "wangjin@163.com"
| #define PACKAGE "IPPC"
| #define VERSION "1.0"
| #define STDC_HEADERS 1
| #define HAVE_SYS_TYPES_H 1
| #define HAVE_SYS_STAT_H 1
| #define HAVE_STDLIB_H 1
| #define HAVE_STRING_H 1
| #define HAVE_MEMORY_H 1
| #define HAVE_STRINGS_H 1
| #define HAVE_INTTYPES_H 1
| #define HAVE_STDINT_H 1
| #define HAVE_UNISTD_H 1
| #define HAVE_DLFCN_H 1
| #define LT_OBJDIR ".libs/"
| #define HAVE_LIBPTHREAD 1
| #define HAVE_LIBRT 1
| #define HAVE_LIBXML2 1
| /* end confdefs.h.  */
| 
| 
| int
| main ()
| {
| return main ();
|   ;
|   return 0;
| }
configure:17255: result: no
configure:17267: checking for main in -lprotobuf
configure:17296: gcc -o conftest -g -O2   conftest.c -lprotobuf  -lxml2 -lrt -lpthread  >&5
configure:17303: $? = 0
configure:17324: result: yes
configure:17481: creating ./config.status

## ---------------- ##
## Cache variables. ##
## ---------------- ##

ac_cv_build=x86_64-unknown-linux-gnu
ac_cv_c_compiler_gnu=yes
ac_cv_cxx_compiler_gnu=yes
ac_cv_env_CCC_set=
ac_cv_env_CCC_value=
ac_cv_env_CC_set=
ac_cv_env_CC_value=
ac_cv_env_CFLAGS_set=
ac_cv_env_CFLAGS_value=
ac_cv_env_CPPFLAGS_set=
ac_cv_env_CPPFLAGS_value=
ac_cv_env_CPP_set=
ac_cv_env_CPP_value=
ac_cv_env_CXXCPP_set=
ac_cv_env_CXXCPP_value=
ac_cv_env_CXXFLAGS_set=
ac_cv_env_CXXFLAGS_value=
ac_cv_env_CXX_set=
ac_cv_env_CXX_value=
ac_cv_env_LDFLAGS_set=
ac_cv_env_LDFLAGS_value=
ac_cv_env_LIBS_set=
ac_cv_env_LIBS_value=
ac_cv_env_build_alias_set=
ac_cv_env_build_alias_value=
ac_cv_env_host_alias_set=
ac_cv_env_host_alias_value=
ac_cv_env_target_alias_set=
ac_cv_env_target_alias_value=
ac_cv_header_dlfcn_h=yes
ac_cv_header_inttypes_h=yes
ac_cv_header_memory_h=yes
ac_cv_header_stdc=yes
ac_cv_header_stdint_h=yes
ac_cv_header_stdlib_h=yes
ac_cv_header_string_h=yes
ac_cv_header_strings_h=yes
ac_cv_header_sys_stat_h=yes
ac_cv_header_sys_types_h=yes
ac_cv_header_unistd_h=yes
ac_cv_host=x86_64-unknown-linux-gnu
ac_cv_lib_clntsh_main=no
ac_cv_lib_occi_main=no
ac_cv_lib_protobuf_main=yes
ac_cv_lib_pthread_main=yes
ac_cv_lib_rt_main=yes
ac_cv_lib_xml2_main=yes
ac_cv_objext=o
ac_cv_path_EGREP='/bin/grep -E'
ac_cv_path_FGREP='/bin/grep -F'
ac_cv_path_GREP=/bin/grep
ac_cv_path_SED=/bin/sed
ac_cv_path_install='/usr/bin/install -c'
ac_cv_path_lt_DD=/bin/dd
ac_cv_path_mkdir=/bin/mkdir
ac_cv_prog_AWK=gawk
ac_cv_prog_CPP='gcc -E'
ac_cv_prog_CXXCPP='g++ -E'
ac_cv_prog_ac_ct_AR=ar
ac_cv_prog_ac_ct_CC=gcc
ac_cv_prog_ac_ct_CXX=g++
ac_cv_prog_ac_ct_OBJDUMP=objdump
ac_cv_prog_ac_ct_RANLIB=ranlib
ac_cv_prog_ac_ct_STRIP=strip
ac_cv_prog_cc_c89=
ac_cv_prog_cc_g=yes
ac_cv_prog_cxx_g=yes
ac_cv_prog_make_make_set=yes
am_cv_CC_dependencies_compiler_type=gcc3
am_cv_CXX_dependencies_compiler_type=gcc3
lt_cv_ar_at_file=@
lt_cv_archive_cmds_need_lc=no
lt_cv_deplibs_check_method=pass_all
lt_cv_file_magic_cmd='$MAGIC_CMD'
lt_cv_file_magic_test_file=
lt_cv_ld_reload_flag=-r
lt_cv_nm_interface='BSD nm'
lt_cv_objdir=.libs
lt_cv_path_LD=/usr/bin/ld
lt_cv_path_LDCXX='/usr/bin/ld -m elf_x86_64'
lt_cv_path_NM='/usr/bin/nm -B'
lt_cv_path_mainfest_tool=no
lt_cv_prog_compiler_c_o=yes
lt_cv_prog_compiler_c_o_CXX=yes
lt_cv_prog_compiler_pic='-fPIC -DPIC'
lt_cv_prog_compiler_pic_CXX='-fPIC -DPIC'
lt_cv_prog_compiler_pic_works=yes
lt_cv_prog_compiler_pic_works_CXX=yes
lt_cv_prog_compiler_rtti_exceptions=no
lt_cv_prog_compiler_static_works=no
lt_cv_prog_compiler_static_works_CXX=no
lt_cv_prog_gnu_ld=yes
lt_cv_prog_gnu_ldcxx=yes
lt_cv_sharedlib_from_linklib_cmd='printf %s\n'
lt_cv_shlibpath_overrides_runpath=no
lt_cv_sys_global_symbol_pipe='sed -n -e '\''s/^.*[	 ]\([ABCDGIRSTW][ABCDGIRSTW]*\)[	 ][	 ]*\([_A-Za-z][_A-Za-z0-9]*\)$/\1 \2 \2/p'\'' | sed '\''/ __gnu_lto/d'\'''
lt_cv_sys_global_symbol_to_c_name_address='sed -n -e '\''s/^: \(.*\) .*$/  {"\1", (void *) 0},/p'\'' -e '\''s/^[ABCDGIRSTW][ABCDGIRSTW]* .* \(.*\)$/  {"\1", (void *) \&\1},/p'\'''
lt_cv_sys_global_symbol_to_c_name_address_lib_prefix='sed -n -e '\''s/^: \(.*\) .*$/  {"\1", (void *) 0},/p'\'' -e '\''s/^[ABCDGIRSTW][ABCDGIRSTW]* .* \(lib.*\)$/  {"\1", (void *) \&\1},/p'\'' -e '\''s/^[ABCDGIRSTW][ABCDGIRSTW]* .* \(.*\)$/  {"lib\1", (void *) \&\1},/p'\'''
lt_cv_sys_global_symbol_to_cdecl='sed -n -e '\''s/^T .* \(.*\)$/extern int \1();/p'\'' -e '\''s/^[ABCDGIRSTW][ABCDGIRSTW]* .* \(.*\)$/extern char \1;/p'\'''
lt_cv_sys_global_symbol_to_import=
lt_cv_sys_max_cmd_len=1966080
lt_cv_to_host_file_cmd=func_convert_file_noop
lt_cv_to_tool_file_cmd=func_convert_file_noop
lt_cv_truncate_bin='/bin/dd bs=4096 count=1'

## ----------------- ##
## Output variables. ##
## ----------------- ##

ACLOCAL='${SHELL} /home/oracle/liulu/trunk/missing --run aclocal-1.11'
AMDEPBACKSLASH='\'
AMDEP_FALSE='#'
AMDEP_TRUE=''
AMTAR='${SHELL} /home/oracle/liulu/trunk/missing --run tar'
AR='ar'
AUTOCONF='${SHELL} /home/oracle/liulu/trunk/missing --run autoconf'
AUTOHEADER='${SHELL} /home/oracle/liulu/trunk/missing --run autoheader'
AUTOMAKE='${SHELL} /home/oracle/liulu/trunk/missing --run automake-1.11'
AWK='gawk'
CC='gcc'
CCDEPMODE='depmode=gcc3'
CFLAGS='-g -O2'
CPP='gcc -E'
CPPFLAGS=''
CXX='g++'
CXXCPP='g++ -E'
CXXDEPMODE='depmode=gcc3'
CXXFLAGS='-g2 -O0 -DDEBUG -D__STDC_FORMAT_MACROS -D__STDC_CONSTANT_MACROS -Wall -Werror'
CYGPATH_W='echo'
DEFS='-DHAVE_CONFIG_H'
DEPDIR='.deps'
DLLTOOL='false'
DSYMUTIL=''
DUMPBIN=''
ECHO_C=''
ECHO_N='-n'
ECHO_T=''
EGREP='/bin/grep -E'
EXEEXT=''
FGREP='/bin/grep -F'
GREP='/bin/grep'
INSTALL_DATA='${INSTALL} -m 644'
INSTALL_PROGRAM='${INSTALL}'
INSTALL_SCRIPT='${INSTALL}'
INSTALL_STRIP_PROGRAM='$(install_sh) -c -s'
LD='/usr/bin/ld -m elf_x86_64'
LDFLAGS=''
LIBOBJS=''
LIBS='-lprotobuf -lxml2 -lrt -lpthread '
LIBTOOL='$(SHELL) $(top_builddir)/libtool'
LIPO=''
LN_S='ln -s'
LTLIBOBJS=''
MAKEINFO='${SHELL} /home/oracle/liulu/trunk/missing --run makeinfo'
MANIFEST_TOOL=':'
MKDIR_P='/bin/mkdir -p'
NM='/usr/bin/nm -B'
NMEDIT=''
OBJDUMP='objdump'
OBJEXT='o'
OTOOL64=''
OTOOL=''
PACKAGE='IPPC'
PACKAGE_BUGREPORT='wangjin@163.com'
PACKAGE_NAME='NDSLcommon'
PACKAGE_STRING='NDSLcommon 1.0'
PACKAGE_TARNAME='ndslcommon'
PACKAGE_VERSION='1.0'
PATH_SEPARATOR=':'
RANLIB='ranlib'
SED='/bin/sed'
SET_MAKE=''
SHELL='/bin/sh'
STRIP='strip'
VERSION='1.0'
ac_ct_AR='ar'
ac_ct_CC='gcc'
ac_ct_CXX='g++'
ac_ct_DUMPBIN=''
am__EXEEXT_FALSE=''
am__EXEEXT_TRUE='#'
am__fastdepCC_FALSE='#'
am__fastdepCC_TRUE=''
am__fastdepCXX_FALSE='#'
am__fastdepCXX_TRUE=''
am__include='include'
am__isrc=' -I$(srcdir)'
am__leading_dot='.'
am__quote=''
am__tar='${AMTAR} chof - "$$tardir"'
am__untar='${AMTAR} xf -'
bindir='${exec_prefix}/bin'
build='x86_64-unknown-linux-gnu'
build_alias=''
build_cpu='x86_64'
build_os='linux-gnu'
build_vendor='unknown'
datadir='${datarootdir}'
datarootdir='${prefix}/share'
docdir='${datarootdir}/doc/${PACKAGE_TARNAME}'
dvidir='${docdir}'
exec_prefix='${prefix}'
host='x86_64-unknown-linux-gnu'
host_alias=''
host_cpu='x86_64'
host_os='linux-gnu'
host_vendor='unknown'
htmldir='${docdir}'
includedir='${prefix}/include'
infodir='${datarootdir}/info'
install_sh='${SHELL} /home/oracle/liulu/trunk/install-sh'
libdir='${exec_prefix}/lib'
libexecdir='${exec_prefix}/libexec'
localedir='${datarootdir}/locale'
localstatedir='${prefix}/var'
mandir='${datarootdir}/man'
mkdir_p='/bin/mkdir -p'
oldincludedir='/usr/include'
pdfdir='${docdir}'
prefix='/usr/local'
program_transform_name='s,x,x,'
psdir='${docdir}'
sbindir='${exec_prefix}/sbin'
sharedstatedir='${prefix}/com'
sysconfdir='${prefix}/etc'
target_alias=''

## ----------- ##
## confdefs.h. ##
## ----------- ##

#define PACKAGE_NAME "NDSLcommon"
#define PACKAGE_TARNAME "ndslcommon"
#define PACKAGE_VERSION "1.0"
#define PACKAGE_STRING "NDSLcommon 1.0"
#define PACKAGE_BUGREPORT "wangjin@163.com"
#define PACKAGE "IPPC"
#define VERSION "1.0"
#define STDC_HEADERS 1
#define HAVE_SYS_TYPES_H 1
#define HAVE_SYS_STAT_H 1
#define HAVE_STDLIB_H 1
#define HAVE_STRING_H 1
#define HAVE_MEMORY_H 1
#define HAVE_STRINGS_H 1
#define HAVE_INTTYPES_H 1
#define HAVE_STDINT_H 1
#define HAVE_UNISTD_H 1
#define HAVE_DLFCN_H 1
#define LT_OBJDIR ".libs/"
#define HAVE_LIBPTHREAD 1
#define HAVE_LIBRT 1
#define HAVE_LIBXML2 1
#define HAVE_LIBPROTOBUF 1

configure: exit 0

## ---------------------- ##
## Running config.status. ##
## ---------------------- ##

This file was extended by NDSLcommon config.status 1.0, which was
generated by GNU Autoconf 2.63.  Invocation command line was

  CONFIG_FILES    = 
  CONFIG_HEADERS  = 
  CONFIG_LINKS    = 
  CONFIG_COMMANDS = 
  $ ./config.status 

on oracle

config.status:1085: creating Makefile
config.status:1085: creating src/Makefile
config.status:1085: creating src/common/Makefile
config.status:1085: creating src/common/comm/Makefile
config.status:1085: creating src/common/daemon/Makefile
config.status:1085: creating src/common/DevLog/Makefile
config.status:1085: creating src/common/log/Makefile
config.status:1085: creating src/common/sys/Makefile
config.status:1085: creating src/common/Timer/Makefile
config.status:1085: creating src/common/util/Makefile
config.status:1085: creating src/common/xml/Makefile
config.status:1085: creating src/protocol/Makefile
config.status:1085: creating src/protocol/DIS/Makefile
config.status:1085: creating src/RA/Makefile
config.status:1085: creating src/DS/Makefile
config.status:1085: creating test/Makefile
config.status:1085: creating test/RA_TEST/Makefile
config.status:1085: creating test/DB_TEST/Makefile
config.status:1085: creating test/META_TEST/Makefile
config.status:1085: creating test/IMPORT_TEST/Makefile
config.status:1085: creating config.h
config.status:1300: config.h is unchanged
config.status:1352: executing depfiles commands
config.status:1352: executing libtool commands
